<?xml version="1.0" encoding="UTF-8"?>
<!-- Generated by org.testng.reporters.JUnitXMLReporter -->
<testsuite ignored="0" hostname="LSTKMY230386" failures="0" tests="6" name="Test on FF" time="58.309" errors="0" timestamp="25 Sep 2021 21:17:52 GMT">
  <testcase classname="com.ianarvizu.testing.Tests" name="AddRemoveElements" time="20.498"/>
  <testcase classname="com.ianarvizu.testing.Tests" name="ContextMenu" time="5.494"/>
  <testcase classname="com.ianarvizu.testing.Tests" name="DisappearingElements" time="9.803"/>
  <testcase classname="com.ianarvizu.testing.Tests" name="FileDownload" time="10.583"/>
  <testcase classname="com.ianarvizu.testing.Tests" name="FileUpload" time="3.876"/>
  <testcase classname="com.ianarvizu.testing.Tests" name="JavaScriptAlerts" time="0.719"/>
</testsuite> <!-- Test on FF -->
