<?xml version="1.0" encoding="UTF-8"?>
<!-- Generated by org.testng.reporters.JUnitXMLReporter -->
<testsuite ignored="0" hostname="LSTKMY230386" failures="0" tests="6" name="Test on Chrome" time="42.355" errors="0" timestamp="25 Sep 2021 21:16:54 GMT">
  <testcase classname="com.ianarvizu.testing.Tests" name="AddRemoveElements" time="17.05"/>
  <testcase classname="com.ianarvizu.testing.Tests" name="ContextMenu" time="6.35"/>
  <testcase classname="com.ianarvizu.testing.Tests" name="DisappearingElements" time="1.452"/>
  <testcase classname="com.ianarvizu.testing.Tests" name="FileDownload" time="5.366"/>
  <testcase classname="com.ianarvizu.testing.Tests" name="FileUpload" time="3.846"/>
  <testcase classname="com.ianarvizu.testing.Tests" name="JavaScriptAlerts" time="1.614"/>
</testsuite> <!-- Test on Chrome -->
